<?xml version="1.0" encoding="UTF-8"?>
<testng-results skipped="0" failed="0" ignored="0" total="3" passed="3">
  <reporter-output>
  </reporter-output>
  <suite name="Default suite" duration-ms="32" started-at="2018-02-10T07:48:19Z" finished-at="2018-02-10T07:48:19Z">
    <groups>
    </groups>
    <test name="Default test" duration-ms="32" started-at="2018-02-10T07:48:19Z" finished-at="2018-02-10T07:48:19Z">
      <class name="org.Mytesting.VerficationTest">
        <test-method status="PASS" signature="test1()[pri:0, instance:org.Mytesting.VerficationTest@646be2c3]" name="test1" duration-ms="7" started-at="2018-02-10T13:18:19Z" finished-at="2018-02-10T13:18:19Z">
          <reporter-output>
          </reporter-output>
        </test-method> <!-- test1 -->
        <test-method status="PASS" signature="test2()[pri:0, instance:org.Mytesting.VerficationTest@646be2c3]" name="test2" duration-ms="2" started-at="2018-02-10T13:18:19Z" finished-at="2018-02-10T13:18:19Z">
          <reporter-output>
          </reporter-output>
        </test-method> <!-- test2 -->
        <test-method status="PASS" signature="test3()[pri:0, instance:org.Mytesting.VerficationTest@646be2c3]" name="test3" duration-ms="1" started-at="2018-02-10T13:18:19Z" finished-at="2018-02-10T13:18:19Z">
          <reporter-output>
          </reporter-output>
        </test-method> <!-- test3 -->
      </class> <!-- org.Mytesting.VerficationTest -->
    </test> <!-- Default test -->
  </suite> <!-- Default suite -->
</testng-results>
