<?xml version="1.0" encoding="UTF-8"?>
<testng-results skipped="0" failed="1" ignored="0" total="1" passed="0">
  <reporter-output>
  </reporter-output>
  <suite name="Default suite" duration-ms="496574" started-at="2018-02-12T09:20:48Z" finished-at="2018-02-12T09:29:05Z">
    <groups>
    </groups>
    <test name="Default test" duration-ms="496574" started-at="2018-02-12T09:20:48Z" finished-at="2018-02-12T09:29:05Z">
      <class name="org.Mytesting.MobileTest">
        <test-method status="FAIL" signature="verifyCommentInput1Test(java.lang.String, java.lang.String, java.lang.String)[pri:0, instance:org.Mytesting.MobileTest@70b0b186]" name="verifyCommentInput1Test" duration-ms="496524" started-at="2018-02-12T14:50:48Z" data-provider="hardCodedBrowsers6" finished-at="2018-02-12T14:59:05Z">
          <params>
            <param index="0">
              <value>
                <![CDATA[iOS 6.0]]>
              </value>
            </param>
            <param index="1">
              <value>
                <![CDATA[iPhone Simulator]]>
              </value>
            </param>
            <param index="2">
              <value>
                <![CDATA[Mac 10.8]]>
              </value>
            </param>
          </params>
          <exception class="org.openqa.selenium.NoSuchElementException">
            <message>
              <![CDATA[An element could not be located on the page using the given search parameters. (WARNING: The server did not provide any stacktrace information)Command duration or timeout: 673 millisecondsFor documentation on this error, please visit: http://seleniumhq.org/exceptions/no_such_element.htmlBuild info: version: '2.43.0', revision: 'accb3003b9fb8f7cae30f9669b4c594a065396a6', time: '2014-09-09 22:22:51'System info: host: 'BLRKKANN469305', ip: '192.168.43.239', os.name: 'Windows 7', os.arch: 'amd64', os.version: '6.1', java.version: '1.8.0_101'Driver info: org.openqa.selenium.remote.RemoteWebDriverCapabilities [{orientation=PORTRAIT, preventWDAAttachments=true, noReset=true, webdriver.remote.quietExceptions=false, CFBundleIdentifier=com.apple.mobilesafari, hasMetadata=true, keepKeyChains=true, deviceName=iPhone Simulator, launchTimeout=50000, platform=ANY, backendRetries=4, showIOSLog=true, webdriver.remote.sessionid=d8368208000846089ba53615b964f54f, maxTypingFrequency=8, newCommandTimeout=0, platformVersion=11.2, browserName=Safari, sdkVersion=11.2, platformName=iOS, eventTimings=true, udid=24263A4A-94E7-4720-9037-3F09496867F2, device=iphone, events={logCaptureStarted=[1518427658307], xcodeDetailsRetrieved=[1518427635135], appConfigured=[1518427636518], wdaStartAttempted=[1518427658916], resetStarted=[1518427636518], wdaPermsAdjusted=[1518427706823], resetComplete=[1518427636519], wdaSessionAttempted=[1518427699696], initialWebviewNavigated=[1518427711680], wdaSessionStarted=[1518427706642], wdaStarted=[1518427706825], simStarted=[1518427656807], commands=[], orientationSet=[1518427707941]}}]Session ID: d8368208000846089ba53615b964f54f]]>
            </message>
            <full-stacktrace>
              <![CDATA[org.openqa.selenium.NoSuchElementException: An element could not be located on the page using the given search parameters. (WARNING: The server did not provide any stacktrace information)Command duration or timeout: 673 millisecondsFor documentation on this error, please visit: http://seleniumhq.org/exceptions/no_such_element.htmlBuild info: version: '2.43.0', revision: 'accb3003b9fb8f7cae30f9669b4c594a065396a6', time: '2014-09-09 22:22:51'System info: host: 'BLRKKANN469305', ip: '192.168.43.239', os.name: 'Windows 7', os.arch: 'amd64', os.version: '6.1', java.version: '1.8.0_101'Driver info: org.openqa.selenium.remote.RemoteWebDriverCapabilities [{orientation=PORTRAIT, preventWDAAttachments=true, noReset=true, webdriver.remote.quietExceptions=false, CFBundleIdentifier=com.apple.mobilesafari, hasMetadata=true, keepKeyChains=true, deviceName=iPhone Simulator, launchTimeout=50000, platform=ANY, backendRetries=4, showIOSLog=true, webdriver.remote.sessionid=d8368208000846089ba53615b964f54f, maxTypingFrequency=8, newCommandTimeout=0, platformVersion=11.2, browserName=Safari, sdkVersion=11.2, platformName=iOS, eventTimings=true, udid=24263A4A-94E7-4720-9037-3F09496867F2, device=iphone, events={logCaptureStarted=[1518427658307], xcodeDetailsRetrieved=[1518427635135], appConfigured=[1518427636518], wdaStartAttempted=[1518427658916], resetStarted=[1518427636518], wdaPermsAdjusted=[1518427706823], resetComplete=[1518427636519], wdaSessionAttempted=[1518427699696], initialWebviewNavigated=[1518427711680], wdaSessionStarted=[1518427706642], wdaStarted=[1518427706825], simStarted=[1518427656807], commands=[], orientationSet=[1518427707941]}}]Session ID: d8368208000846089ba53615b964f54fat sun.reflect.NativeConstructorAccessorImpl.newInstance0(Native Method)at sun.reflect.NativeConstructorAccessorImpl.newInstance(NativeConstructorAccessorImpl.java:62)at sun.reflect.DelegatingConstructorAccessorImpl.newInstance(DelegatingConstructorAccessorImpl.java:45)at java.lang.reflect.Constructor.newInstance(Constructor.java:423)at org.openqa.selenium.remote.ErrorHandler.createThrowable(ErrorHandler.java:204)at org.openqa.selenium.remote.ErrorHandler.throwIfResponseFailed(ErrorHandler.java:156)at org.openqa.selenium.remote.RemoteWebDriver.execute(RemoteWebDriver.java:599)at org.openqa.selenium.remote.RemoteWebDriver.findElement(RemoteWebDriver.java:352)at org.openqa.selenium.remote.RemoteWebDriver.findElementByName(RemoteWebDriver.java:425)at org.openqa.selenium.By$ByName.findElement(By.java:299)at org.openqa.selenium.remote.RemoteWebDriver.findElement(RemoteWebDriver.java:344)at org.Mytesting.BusinessLogic.entername(BusinessLogic.java:161)at org.Mytesting.MobileTest.verifyCommentInput1Test(MobileTest.java:24)at sun.reflect.NativeMethodAccessorImpl.invoke0(Native Method)at sun.reflect.NativeMethodAccessorImpl.invoke(NativeMethodAccessorImpl.java:62)at sun.reflect.DelegatingMethodAccessorImpl.invoke(DelegatingMethodAccessorImpl.java:43)at java.lang.reflect.Method.invoke(Method.java:498)at org.testng.internal.MethodInvocationHelper.invokeMethod(MethodInvocationHelper.java:124)at org.testng.internal.Invoker.invokeMethod(Invoker.java:571)at org.testng.internal.Invoker.invokeTestMethod(Invoker.java:707)at org.testng.internal.TestMethodWithDataProviderMethodWorker.call(TestMethodWithDataProviderMethodWorker.java:71)at org.testng.internal.TestMethodWithDataProviderMethodWorker.call(TestMethodWithDataProviderMethodWorker.java:14)at java.util.concurrent.FutureTask.run(FutureTask.java:266)at java.util.concurrent.Executors$RunnableAdapter.call(Executors.java:511)at java.util.concurrent.FutureTask.run(FutureTask.java:266)at java.util.concurrent.ThreadPoolExecutor.runWorker(ThreadPoolExecutor.java:1142)at java.util.concurrent.ThreadPoolExecutor$Worker.run(ThreadPoolExecutor.java:617)at java.lang.Thread.run(Thread.java:745)]]>
            </full-stacktrace>
          </exception> <!-- org.openqa.selenium.NoSuchElementException -->
          <reporter-output>
          </reporter-output>
        </test-method> <!-- verifyCommentInput1Test -->
      </class> <!-- org.Mytesting.MobileTest -->
    </test> <!-- Default test -->
  </suite> <!-- Default suite -->
</testng-results>
